app/build/intermediates/manifest_merge_blame_file/debug/manifest-merger-blame-debug-report.txt
1<?xml version="1.0" encoding="utf-8"?>
2<manifest xmlns:android="http://schemas.android.com/apk/res/android"
3    package="com.medassist.app"
4    android:versionCode="1"
5    android:versionName="1.0" >
6
7    <uses-sdk
8        android:minSdkVersion="21"
8-->src/main/AndroidManifest.xml
9        android:targetSdkVersion="31" />
9-->src/main/AndroidManifest.xml
10
11    <!-- Internet permission for API calls -->
12    <uses-permission android:name="android.permission.INTERNET" />
12-->src/main/AndroidManifest.xml:6:5-67
12-->src/main/AndroidManifest.xml:6:22-64
13    <uses-permission android:name="android.permission.ACCESS_NETWORK_STATE" />
13-->src/main/AndroidManifest.xml:7:5-79
13-->src/main/AndroidManifest.xml:7:22-76
14    <uses-permission android:name="android.permission.WAKE_LOCK" /> <!-- Required by older versions of Google Play services to create IID tokens -->
14-->[com.google.firebase:firebase-messaging:23.0.2] AndroidManifest.xml:26:5-68
14-->[com.google.firebase:firebase-messaging:23.0.2] AndroidManifest.xml:26:22-65
15    <uses-permission android:name="com.google.android.c2dm.permission.RECEIVE" />
15-->[com.google.firebase:firebase-messaging:23.0.2] AndroidManifest.xml:28:5-82
15-->[com.google.firebase:firebase-messaging:23.0.2] AndroidManifest.xml:28:22-79
16    <uses-permission android:name="com.google.android.gms.permission.AD_ID" />
16-->[com.google.android.gms:play-services-measurement-api:20.1.2] AndroidManifest.xml:25:5-79
16-->[com.google.android.gms:play-services-measurement-api:20.1.2] AndroidManifest.xml:25:22-76
17    <uses-permission android:name="com.google.android.finsky.permission.BIND_GET_INSTALL_REFERRER_SERVICE" />
17-->[com.google.android.gms:play-services-measurement:20.1.2] AndroidManifest.xml:26:5-110
17-->[com.google.android.gms:play-services-measurement:20.1.2] AndroidManifest.xml:26:22-107
18
19    <application
19-->src/main/AndroidManifest.xml:9:5-69:19
20        android:allowBackup="true"
20-->src/main/AndroidManifest.xml:10:9-35
21        android:appComponentFactory="androidx.core.app.CoreComponentFactory"
21-->[androidx.core:core:1.7.0] AndroidManifest.xml:24:18-86
22        android:dataExtractionRules="@xml/data_extraction_rules"
22-->src/main/AndroidManifest.xml:11:9-65
23        android:debuggable="true"
24        android:fullBackupContent="@xml/backup_rules"
24-->src/main/AndroidManifest.xml:12:9-54
25        android:label="@string/app_name"
25-->src/main/AndroidManifest.xml:13:9-41
26        android:supportsRtl="true"
26-->src/main/AndroidManifest.xml:14:9-35
27        android:testOnly="true"
28        android:theme="@style/Theme.MedAssist" >
28-->src/main/AndroidManifest.xml:15:9-47
29        <activity
29-->src/main/AndroidManifest.xml:18:9-27:20
30            android:name="com.medassist.app.MainActivity"
30-->src/main/AndroidManifest.xml:19:13-41
31            android:exported="true"
31-->src/main/AndroidManifest.xml:20:13-36
32            android:label="@string/app_name"
32-->src/main/AndroidManifest.xml:21:13-45
33            android:theme="@style/Theme.MedAssist" >
33-->src/main/AndroidManifest.xml:22:13-51
34            <intent-filter>
34-->src/main/AndroidManifest.xml:23:13-26:29
35                <action android:name="android.intent.action.MAIN" />
35-->src/main/AndroidManifest.xml:24:17-69
35-->src/main/AndroidManifest.xml:24:25-66
36
37                <category android:name="android.intent.category.LAUNCHER" />
37-->src/main/AndroidManifest.xml:25:17-77
37-->src/main/AndroidManifest.xml:25:27-74
38            </intent-filter>
39        </activity>
40        <activity
40-->src/main/AndroidManifest.xml:29:9-32:54
41            android:name="com.medassist.app.ui.screens.auth.LoginActivity"
41-->src/main/AndroidManifest.xml:30:13-58
42            android:exported="false"
42-->src/main/AndroidManifest.xml:31:13-37
43            android:theme="@style/Theme.MedAssist" />
43-->src/main/AndroidManifest.xml:32:13-51
44        <activity
44-->src/main/AndroidManifest.xml:34:9-37:54
45            android:name="com.medassist.app.ui.screens.articles.ArticleDetailActivity"
45-->src/main/AndroidManifest.xml:35:13-70
46            android:exported="false"
46-->src/main/AndroidManifest.xml:36:13-37
47            android:theme="@style/Theme.MedAssist" />
47-->src/main/AndroidManifest.xml:37:13-51
48        <activity
48-->src/main/AndroidManifest.xml:39:9-42:54
49            android:name="com.medassist.app.ui.screens.booking.BookingActivity"
49-->src/main/AndroidManifest.xml:40:13-63
50            android:exported="false"
50-->src/main/AndroidManifest.xml:41:13-37
51            android:theme="@style/Theme.MedAssist" />
51-->src/main/AndroidManifest.xml:42:13-51
52        <activity
52-->src/main/AndroidManifest.xml:44:9-47:54
53            android:name="com.medassist.app.ui.screens.booking.BookingConfirmationActivity"
53-->src/main/AndroidManifest.xml:45:13-75
54            android:exported="false"
54-->src/main/AndroidManifest.xml:46:13-37
55            android:theme="@style/Theme.MedAssist" />
55-->src/main/AndroidManifest.xml:47:13-51
56        <activity
56-->src/main/AndroidManifest.xml:49:9-52:54
57            android:name="com.medassist.app.ui.screens.settings.SettingsActivity"
57-->src/main/AndroidManifest.xml:50:13-65
58            android:exported="false"
58-->src/main/AndroidManifest.xml:51:13-37
59            android:theme="@style/Theme.MedAssist" />
59-->src/main/AndroidManifest.xml:52:13-51
60
61        <!-- Firestore Data Seeder Activity -->
62        <activity
62-->src/main/AndroidManifest.xml:55:9-59:45
63            android:name="com.medassist.app.data.firebase.FirestoreDataSeederActivity"
63-->src/main/AndroidManifest.xml:56:13-70
64            android:exported="false"
64-->src/main/AndroidManifest.xml:57:13-37
65            android:label="Seed Database"
65-->src/main/AndroidManifest.xml:59:13-42
66            android:theme="@style/Theme.MedAssist" />
66-->src/main/AndroidManifest.xml:58:13-51
67
68        <!-- Firebase Cloud Messaging Service -->
69        <service
69-->src/main/AndroidManifest.xml:62:9-68:19
70            android:name="com.medassist.app.services.MedAssistFirebaseMessagingService"
70-->src/main/AndroidManifest.xml:63:13-71
71            android:exported="false" >
71-->src/main/AndroidManifest.xml:64:13-37
72            <intent-filter>
72-->src/main/AndroidManifest.xml:65:13-67:29
73                <action android:name="com.google.firebase.MESSAGING_EVENT" />
73-->src/main/AndroidManifest.xml:66:17-78
73-->src/main/AndroidManifest.xml:66:25-75
74            </intent-filter>
75        </service>
76        <service
76-->[com.google.firebase:firebase-auth-ktx:21.0.3] AndroidManifest.xml:8:9-14:19
77            android:name="com.google.firebase.components.ComponentDiscoveryService"
77-->[com.google.firebase:firebase-auth-ktx:21.0.3] AndroidManifest.xml:9:13-84
78            android:directBootAware="true"
78-->[com.google.firebase:firebase-common:20.1.0] AndroidManifest.xml:35:13-43
79            android:exported="false" >
79-->[com.google.firebase:firebase-auth-ktx:21.0.3] AndroidManifest.xml:10:13-37
80            <meta-data
80-->[com.google.firebase:firebase-auth-ktx:21.0.3] AndroidManifest.xml:11:13-13:85
81                android:name="com.google.firebase.components:com.google.firebase.auth.ktx.FirebaseAuthKtxRegistrar"
81-->[com.google.firebase:firebase-auth-ktx:21.0.3] AndroidManifest.xml:12:17-116
82                android:value="com.google.firebase.components.ComponentRegistrar" />
82-->[com.google.firebase:firebase-auth-ktx:21.0.3] AndroidManifest.xml:13:17-82
83            <meta-data
83-->[com.google.firebase:firebase-auth:21.0.3] AndroidManifest.xml:67:13-69:85
84                android:name="com.google.firebase.components:com.google.firebase.auth.FirebaseAuthRegistrar"
84-->[com.google.firebase:firebase-auth:21.0.3] AndroidManifest.xml:68:17-109
85                android:value="com.google.firebase.components.ComponentRegistrar" />
85-->[com.google.firebase:firebase-auth:21.0.3] AndroidManifest.xml:69:17-82
86            <meta-data
86-->[com.google.firebase:firebase-storage-ktx:20.0.1] AndroidManifest.xml:15:13-17:85
87                android:name="com.google.firebase.components:com.google.firebase.storage.ktx.FirebaseStorageKtxRegistrar"
87-->[com.google.firebase:firebase-storage-ktx:20.0.1] AndroidManifest.xml:16:17-122
88                android:value="com.google.firebase.components.ComponentRegistrar" />
88-->[com.google.firebase:firebase-storage-ktx:20.0.1] AndroidManifest.xml:17:17-82
89            <meta-data
89-->[com.google.firebase:firebase-storage:20.0.1] AndroidManifest.xml:33:13-35:85
90                android:name="com.google.firebase.components:com.google.firebase.storage.StorageRegistrar"
90-->[com.google.firebase:firebase-storage:20.0.1] AndroidManifest.xml:34:17-107
91                android:value="com.google.firebase.components.ComponentRegistrar" />
91-->[com.google.firebase:firebase-storage:20.0.1] AndroidManifest.xml:35:17-82
92            <meta-data
92-->[com.google.firebase:firebase-firestore-ktx:24.1.0] AndroidManifest.xml:15:13-17:85
93                android:name="com.google.firebase.components:com.google.firebase.firestore.ktx.FirebaseFirestoreKtxRegistrar"
93-->[com.google.firebase:firebase-firestore-ktx:24.1.0] AndroidManifest.xml:16:17-126
94                android:value="com.google.firebase.components.ComponentRegistrar" />
94-->[com.google.firebase:firebase-firestore-ktx:24.1.0] AndroidManifest.xml:17:17-82
95            <meta-data
95-->[com.google.firebase:firebase-firestore:24.1.0] AndroidManifest.xml:20:13-22:85
96                android:name="com.google.firebase.components:com.google.firebase.firestore.FirestoreRegistrar"
96-->[com.google.firebase:firebase-firestore:24.1.0] AndroidManifest.xml:21:17-111
97                android:value="com.google.firebase.components.ComponentRegistrar" />
97-->[com.google.firebase:firebase-firestore:24.1.0] AndroidManifest.xml:22:17-82
98            <meta-data
98-->[com.google.firebase:firebase-messaging-ktx:23.0.2] AndroidManifest.xml:29:13-31:85
99                android:name="com.google.firebase.components:com.google.firebase.messaging.ktx.FirebaseMessagingKtxRegistrar"
99-->[com.google.firebase:firebase-messaging-ktx:23.0.2] AndroidManifest.xml:30:17-126
100                android:value="com.google.firebase.components.ComponentRegistrar" />
100-->[com.google.firebase:firebase-messaging-ktx:23.0.2] AndroidManifest.xml:31:17-82
101            <meta-data
101-->[com.google.firebase:firebase-messaging:23.0.2] AndroidManifest.xml:55:13-57:85
102                android:name="com.google.firebase.components:com.google.firebase.messaging.FirebaseMessagingRegistrar"
102-->[com.google.firebase:firebase-messaging:23.0.2] AndroidManifest.xml:56:17-119
103                android:value="com.google.firebase.components.ComponentRegistrar" />
103-->[com.google.firebase:firebase-messaging:23.0.2] AndroidManifest.xml:57:17-82
104            <meta-data
104-->[com.google.firebase:firebase-analytics-ktx:20.1.2] AndroidManifest.xml:11:13-13:85
105                android:name="com.google.firebase.components:com.google.firebase.analytics.ktx.FirebaseAnalyticsKtxRegistrar"
105-->[com.google.firebase:firebase-analytics-ktx:20.1.2] AndroidManifest.xml:12:17-126
106                android:value="com.google.firebase.components.ComponentRegistrar" />
106-->[com.google.firebase:firebase-analytics-ktx:20.1.2] AndroidManifest.xml:13:17-82
107            <meta-data
107-->[com.google.firebase:firebase-common-ktx:20.1.0] AndroidManifest.xml:15:13-17:85
108                android:name="com.google.firebase.components:com.google.firebase.ktx.FirebaseCommonKtxRegistrar"
108-->[com.google.firebase:firebase-common-ktx:20.1.0] AndroidManifest.xml:16:17-113
109                android:value="com.google.firebase.components.ComponentRegistrar" />
109-->[com.google.firebase:firebase-common-ktx:20.1.0] AndroidManifest.xml:17:17-82
110            <meta-data
110-->[com.google.android.gms:play-services-measurement-api:20.1.2] AndroidManifest.xml:31:13-33:85
111                android:name="com.google.firebase.components:com.google.firebase.analytics.connector.internal.AnalyticsConnectorRegistrar"
111-->[com.google.android.gms:play-services-measurement-api:20.1.2] AndroidManifest.xml:32:17-139
112                android:value="com.google.firebase.components.ComponentRegistrar" />
112-->[com.google.android.gms:play-services-measurement-api:20.1.2] AndroidManifest.xml:33:17-82
113            <meta-data
113-->[com.google.firebase:firebase-datatransport:18.1.1] AndroidManifest.xml:28:13-30:85
114                android:name="com.google.firebase.components:com.google.firebase.datatransport.TransportRegistrar"
114-->[com.google.firebase:firebase-datatransport:18.1.1] AndroidManifest.xml:29:17-115
115                android:value="com.google.firebase.components.ComponentRegistrar" />
115-->[com.google.firebase:firebase-datatransport:18.1.1] AndroidManifest.xml:30:17-82
116            <meta-data
116-->[com.google.firebase:firebase-installations:17.0.1] AndroidManifest.xml:18:13-20:85
117                android:name="com.google.firebase.components:com.google.firebase.installations.FirebaseInstallationsRegistrar"
117-->[com.google.firebase:firebase-installations:17.0.1] AndroidManifest.xml:19:17-127
118                android:value="com.google.firebase.components.ComponentRegistrar" />
118-->[com.google.firebase:firebase-installations:17.0.1] AndroidManifest.xml:20:17-82
119        </service>
120
121        <activity
121-->[com.google.firebase:firebase-auth:21.0.3] AndroidManifest.xml:27:9-44:20
122            android:name="com.google.firebase.auth.internal.GenericIdpActivity"
122-->[com.google.firebase:firebase-auth:21.0.3] AndroidManifest.xml:28:13-80
123            android:excludeFromRecents="true"
123-->[com.google.firebase:firebase-auth:21.0.3] AndroidManifest.xml:29:13-46
124            android:exported="true"
124-->[com.google.firebase:firebase-auth:21.0.3] AndroidManifest.xml:30:13-36
125            android:launchMode="singleTask"
125-->[com.google.firebase:firebase-auth:21.0.3] AndroidManifest.xml:31:13-44
126            android:theme="@android:style/Theme.Translucent.NoTitleBar" >
126-->[com.google.firebase:firebase-auth:21.0.3] AndroidManifest.xml:32:13-72
127            <intent-filter>
127-->[com.google.firebase:firebase-auth:21.0.3] AndroidManifest.xml:33:13-43:29
128                <action android:name="android.intent.action.VIEW" />
128-->[com.google.firebase:firebase-auth:21.0.3] AndroidManifest.xml:34:17-69
128-->[com.google.firebase:firebase-auth:21.0.3] AndroidManifest.xml:34:25-66
129
130                <category android:name="android.intent.category.DEFAULT" />
130-->[com.google.firebase:firebase-auth:21.0.3] AndroidManifest.xml:36:17-76
130-->[com.google.firebase:firebase-auth:21.0.3] AndroidManifest.xml:36:27-73
131                <category android:name="android.intent.category.BROWSABLE" />
131-->[com.google.firebase:firebase-auth:21.0.3] AndroidManifest.xml:37:17-78
131-->[com.google.firebase:firebase-auth:21.0.3] AndroidManifest.xml:37:27-75
132
133                <data
133-->[com.google.firebase:firebase-auth:21.0.3] AndroidManifest.xml:39:17-42:51
134                    android:host="firebase.auth"
134-->[com.google.firebase:firebase-auth:21.0.3] AndroidManifest.xml:40:21-49
135                    android:path="/"
135-->[com.google.firebase:firebase-auth:21.0.3] AndroidManifest.xml:41:21-37
136                    android:scheme="genericidp" />
136-->[com.google.firebase:firebase-auth:21.0.3] AndroidManifest.xml:42:21-48
137            </intent-filter>
138        </activity>
139        <activity
139-->[com.google.firebase:firebase-auth:21.0.3] AndroidManifest.xml:45:9-62:20
140            android:name="com.google.firebase.auth.internal.RecaptchaActivity"
140-->[com.google.firebase:firebase-auth:21.0.3] AndroidManifest.xml:46:13-79
141            android:excludeFromRecents="true"
141-->[com.google.firebase:firebase-auth:21.0.3] AndroidManifest.xml:47:13-46
142            android:exported="true"
142-->[com.google.firebase:firebase-auth:21.0.3] AndroidManifest.xml:48:13-36
143            android:launchMode="singleTask"
143-->[com.google.firebase:firebase-auth:21.0.3] AndroidManifest.xml:49:13-44
144            android:theme="@android:style/Theme.Translucent.NoTitleBar" >
144-->[com.google.firebase:firebase-auth:21.0.3] AndroidManifest.xml:50:13-72
145            <intent-filter>
145-->[com.google.firebase:firebase-auth:21.0.3] AndroidManifest.xml:51:13-61:29
146                <action android:name="android.intent.action.VIEW" />
146-->[com.google.firebase:firebase-auth:21.0.3] AndroidManifest.xml:34:17-69
146-->[com.google.firebase:firebase-auth:21.0.3] AndroidManifest.xml:34:25-66
147
148                <category android:name="android.intent.category.DEFAULT" />
148-->[com.google.firebase:firebase-auth:21.0.3] AndroidManifest.xml:36:17-76
148-->[com.google.firebase:firebase-auth:21.0.3] AndroidManifest.xml:36:27-73
149                <category android:name="android.intent.category.BROWSABLE" />
149-->[com.google.firebase:firebase-auth:21.0.3] AndroidManifest.xml:37:17-78
149-->[com.google.firebase:firebase-auth:21.0.3] AndroidManifest.xml:37:27-75
150
151                <data
151-->[com.google.firebase:firebase-auth:21.0.3] AndroidManifest.xml:39:17-42:51
152                    android:host="firebase.auth"
152-->[com.google.firebase:firebase-auth:21.0.3] AndroidManifest.xml:40:21-49
153                    android:path="/"
153-->[com.google.firebase:firebase-auth:21.0.3] AndroidManifest.xml:41:21-37
154                    android:scheme="recaptcha" />
154-->[com.google.firebase:firebase-auth:21.0.3] AndroidManifest.xml:42:21-48
155            </intent-filter>
156        </activity>
157
158        <uses-library
158-->[androidx.window:window:1.0.0] AndroidManifest.xml:25:9-27:40
159            android:name="androidx.window.extensions"
159-->[androidx.window:window:1.0.0] AndroidManifest.xml:26:13-54
160            android:required="false" />
160-->[androidx.window:window:1.0.0] AndroidManifest.xml:27:13-37
161        <uses-library
161-->[androidx.window:window:1.0.0] AndroidManifest.xml:28:9-30:40
162            android:name="androidx.window.sidecar"
162-->[androidx.window:window:1.0.0] AndroidManifest.xml:29:13-51
163            android:required="false" />
163-->[androidx.window:window:1.0.0] AndroidManifest.xml:30:13-37
164
165        <activity
165-->[com.google.android.gms:play-services-auth:20.2.0] AndroidManifest.xml:23:9-27:75
166            android:name="com.google.android.gms.auth.api.signin.internal.SignInHubActivity"
166-->[com.google.android.gms:play-services-auth:20.2.0] AndroidManifest.xml:24:13-93
167            android:excludeFromRecents="true"
167-->[com.google.android.gms:play-services-auth:20.2.0] AndroidManifest.xml:25:13-46
168            android:exported="false"
168-->[com.google.android.gms:play-services-auth:20.2.0] AndroidManifest.xml:26:13-37
169            android:theme="@android:style/Theme.Translucent.NoTitleBar" />
169-->[com.google.android.gms:play-services-auth:20.2.0] AndroidManifest.xml:27:13-72
170        <!--
171            Service handling Google Sign-In user revocation. For apps that do not integrate with
172            Google Sign-In, this service will never be started.
173        -->
174        <service
174-->[com.google.android.gms:play-services-auth:20.2.0] AndroidManifest.xml:33:9-37:51
175            android:name="com.google.android.gms.auth.api.signin.RevocationBoundService"
175-->[com.google.android.gms:play-services-auth:20.2.0] AndroidManifest.xml:34:13-89
176            android:exported="true"
176-->[com.google.android.gms:play-services-auth:20.2.0] AndroidManifest.xml:35:13-36
177            android:permission="com.google.android.gms.auth.api.signin.permission.REVOCATION_NOTIFICATION"
177-->[com.google.android.gms:play-services-auth:20.2.0] AndroidManifest.xml:36:13-107
178            android:visibleToInstantApps="true" />
178-->[com.google.android.gms:play-services-auth:20.2.0] AndroidManifest.xml:37:13-48
179
180        <receiver
180-->[com.google.firebase:firebase-messaging:23.0.2] AndroidManifest.xml:31:9-38:20
181            android:name="com.google.firebase.iid.FirebaseInstanceIdReceiver"
181-->[com.google.firebase:firebase-messaging:23.0.2] AndroidManifest.xml:32:13-78
182            android:exported="true"
182-->[com.google.firebase:firebase-messaging:23.0.2] AndroidManifest.xml:33:13-36
183            android:permission="com.google.android.c2dm.permission.SEND" >
183-->[com.google.firebase:firebase-messaging:23.0.2] AndroidManifest.xml:34:13-73
184            <intent-filter>
184-->[com.google.firebase:firebase-messaging:23.0.2] AndroidManifest.xml:35:13-37:29
185                <action android:name="com.google.android.c2dm.intent.RECEIVE" />
185-->[com.google.firebase:firebase-messaging:23.0.2] AndroidManifest.xml:36:17-81
185-->[com.google.firebase:firebase-messaging:23.0.2] AndroidManifest.xml:36:25-78
186            </intent-filter>
187        </receiver>
188        <!--
189             FirebaseMessagingService performs security checks at runtime,
190             but set to not exported to explicitly avoid allowing another app to call it.
191        -->
192        <service
192-->[com.google.firebase:firebase-messaging:23.0.2] AndroidManifest.xml:44:9-51:19
193            android:name="com.google.firebase.messaging.FirebaseMessagingService"
193-->[com.google.firebase:firebase-messaging:23.0.2] AndroidManifest.xml:45:13-82
194            android:directBootAware="true"
194-->[com.google.firebase:firebase-messaging:23.0.2] AndroidManifest.xml:46:13-43
195            android:exported="false" >
195-->[com.google.firebase:firebase-messaging:23.0.2] AndroidManifest.xml:47:13-37
196            <intent-filter android:priority="-500" >
196-->src/main/AndroidManifest.xml:65:13-67:29
197                <action android:name="com.google.firebase.MESSAGING_EVENT" />
197-->src/main/AndroidManifest.xml:66:17-78
197-->src/main/AndroidManifest.xml:66:25-75
198            </intent-filter>
199        </service>
200
201        <activity
201-->[com.google.android.gms:play-services-base:18.0.1] AndroidManifest.xml:20:9-22:45
202            android:name="com.google.android.gms.common.api.GoogleApiActivity"
202-->[com.google.android.gms:play-services-base:18.0.1] AndroidManifest.xml:20:19-85
203            android:exported="false"
203-->[com.google.android.gms:play-services-base:18.0.1] AndroidManifest.xml:22:19-43
204            android:theme="@android:style/Theme.Translucent.NoTitleBar" />
204-->[com.google.android.gms:play-services-base:18.0.1] AndroidManifest.xml:21:19-78
205
206        <provider
206-->[com.google.firebase:firebase-common:20.1.0] AndroidManifest.xml:26:9-31:39
207            android:name="com.google.firebase.provider.FirebaseInitProvider"
207-->[com.google.firebase:firebase-common:20.1.0] AndroidManifest.xml:27:13-77
208            android:authorities="com.medassist.app.firebaseinitprovider"
208-->[com.google.firebase:firebase-common:20.1.0] AndroidManifest.xml:28:13-72
209            android:directBootAware="true"
209-->[com.google.firebase:firebase-common:20.1.0] AndroidManifest.xml:29:13-43
210            android:exported="false"
210-->[com.google.firebase:firebase-common:20.1.0] AndroidManifest.xml:30:13-37
211            android:initOrder="100" />
211-->[com.google.firebase:firebase-common:20.1.0] AndroidManifest.xml:31:13-36
212
213        <receiver
213-->[com.google.android.gms:play-services-measurement:20.1.2] AndroidManifest.xml:29:9-33:20
214            android:name="com.google.android.gms.measurement.AppMeasurementReceiver"
214-->[com.google.android.gms:play-services-measurement:20.1.2] AndroidManifest.xml:30:13-85
215            android:enabled="true"
215-->[com.google.android.gms:play-services-measurement:20.1.2] AndroidManifest.xml:31:13-35
216            android:exported="false" >
216-->[com.google.android.gms:play-services-measurement:20.1.2] AndroidManifest.xml:32:13-37
217        </receiver>
218
219        <service
219-->[com.google.android.gms:play-services-measurement:20.1.2] AndroidManifest.xml:35:9-38:40
220            android:name="com.google.android.gms.measurement.AppMeasurementService"
220-->[com.google.android.gms:play-services-measurement:20.1.2] AndroidManifest.xml:36:13-84
221            android:enabled="true"
221-->[com.google.android.gms:play-services-measurement:20.1.2] AndroidManifest.xml:37:13-35
222            android:exported="false" />
222-->[com.google.android.gms:play-services-measurement:20.1.2] AndroidManifest.xml:38:13-37
223        <service
223-->[com.google.android.gms:play-services-measurement:20.1.2] AndroidManifest.xml:39:9-43:72
224            android:name="com.google.android.gms.measurement.AppMeasurementJobService"
224-->[com.google.android.gms:play-services-measurement:20.1.2] AndroidManifest.xml:40:13-87
225            android:enabled="true"
225-->[com.google.android.gms:play-services-measurement:20.1.2] AndroidManifest.xml:41:13-35
226            android:exported="false"
226-->[com.google.android.gms:play-services-measurement:20.1.2] AndroidManifest.xml:42:13-37
227            android:permission="android.permission.BIND_JOB_SERVICE" />
227-->[com.google.android.gms:play-services-measurement:20.1.2] AndroidManifest.xml:43:13-69
228
229        <meta-data
229-->[com.google.android.gms:play-services-basement:18.0.0] AndroidManifest.xml:21:9-23:69
230            android:name="com.google.android.gms.version"
230-->[com.google.android.gms:play-services-basement:18.0.0] AndroidManifest.xml:22:13-58
231            android:value="@integer/google_play_services_version" />
231-->[com.google.android.gms:play-services-basement:18.0.0] AndroidManifest.xml:23:13-66
232
233        <service
233-->[com.google.android.datatransport:transport-backend-cct:3.1.2] AndroidManifest.xml:29:9-35:19
234            android:name="com.google.android.datatransport.runtime.backends.TransportBackendDiscovery"
234-->[com.google.android.datatransport:transport-backend-cct:3.1.2] AndroidManifest.xml:30:13-103
235            android:exported="false" >
235-->[com.google.android.datatransport:transport-backend-cct:3.1.2] AndroidManifest.xml:31:13-37
236            <meta-data
236-->[com.google.android.datatransport:transport-backend-cct:3.1.2] AndroidManifest.xml:32:13-34:39
237                android:name="backend:com.google.android.datatransport.cct.CctBackendFactory"
237-->[com.google.android.datatransport:transport-backend-cct:3.1.2] AndroidManifest.xml:33:17-94
238                android:value="cct" />
238-->[com.google.android.datatransport:transport-backend-cct:3.1.2] AndroidManifest.xml:34:17-36
239        </service>
240        <service
240-->[com.google.android.datatransport:transport-runtime:3.1.2] AndroidManifest.xml:26:9-30:19
241            android:name="com.google.android.datatransport.runtime.scheduling.jobscheduling.JobInfoSchedulerService"
241-->[com.google.android.datatransport:transport-runtime:3.1.2] AndroidManifest.xml:27:13-117
242            android:exported="false"
242-->[com.google.android.datatransport:transport-runtime:3.1.2] AndroidManifest.xml:28:13-37
243            android:permission="android.permission.BIND_JOB_SERVICE" >
243-->[com.google.android.datatransport:transport-runtime:3.1.2] AndroidManifest.xml:29:13-69
244        </service>
245
246        <receiver
246-->[com.google.android.datatransport:transport-runtime:3.1.2] AndroidManifest.xml:32:9-34:40
247            android:name="com.google.android.datatransport.runtime.scheduling.jobscheduling.AlarmManagerSchedulerBroadcastReceiver"
247-->[com.google.android.datatransport:transport-runtime:3.1.2] AndroidManifest.xml:33:13-132
248            android:exported="false" />
248-->[com.google.android.datatransport:transport-runtime:3.1.2] AndroidManifest.xml:34:13-37
249
250        <provider
250-->[androidx.emoji2:emoji2:1.0.0] AndroidManifest.xml:26:9-34:20
251            android:name="androidx.startup.InitializationProvider"
251-->[androidx.emoji2:emoji2:1.0.0] AndroidManifest.xml:27:13-67
252            android:authorities="com.medassist.app.androidx-startup"
252-->[androidx.emoji2:emoji2:1.0.0] AndroidManifest.xml:28:13-68
253            android:exported="false" >
253-->[androidx.emoji2:emoji2:1.0.0] AndroidManifest.xml:29:13-37
254            <meta-data
254-->[androidx.emoji2:emoji2:1.0.0] AndroidManifest.xml:31:13-33:52
255                android:name="androidx.emoji2.text.EmojiCompatInitializer"
255-->[androidx.emoji2:emoji2:1.0.0] AndroidManifest.xml:32:17-75
256                android:value="androidx.startup" />
256-->[androidx.emoji2:emoji2:1.0.0] AndroidManifest.xml:33:17-49
257            <meta-data
257-->[androidx.lifecycle:lifecycle-process:2.4.0] AndroidManifest.xml:31:13-33:52
258                android:name="androidx.lifecycle.ProcessLifecycleInitializer"
258-->[androidx.lifecycle:lifecycle-process:2.4.0] AndroidManifest.xml:32:17-78
259                android:value="androidx.startup" />
259-->[androidx.lifecycle:lifecycle-process:2.4.0] AndroidManifest.xml:33:17-49
260        </provider>
261    </application>
262
263</manifest>